<?xml version="1.0" encoding="UTF-8"?>
<!-- Generated by org.testng.reporters.JUnitReportReporter -->
<testsuite hostname="B4PRKP2" failures="0" tests="1" name="com.qa.api.gorest.pojo.Combined_class" time="0.785" errors="0" timestamp="2023-04-21T21:12:16 IST" skipped="0">
  <testcase classname="com.qa.api.gorest.pojo.Combined_class" name="createUserwithFull_JSON" time="0.785"/>
  <system-out/>
</testsuite> <!-- com.qa.api.gorest.pojo.Combined_class -->
