<?xml version="1.0" encoding="UTF-8"?>
<!-- Generated by org.testng.reporters.JUnitReportReporter -->
<testsuite hostname="B4PRKP2" failures="0" tests="1" name="com.qa.api.gorest.tests.CreateUserTest" time="5.950" errors="0" timestamp="2023-04-19T00:20:15 IST" skipped="0">
  <testcase classname="com.qa.api.gorest.tests.CreateUserTest" name="createUserAPI_POST_Test" time="5.950"/>
  <system-out/>
</testsuite> <!-- com.qa.api.gorest.tests.CreateUserTest -->
