<?xml version="1.0" encoding="UTF-8"?>
<!-- Generated by org.testng.reporters.JUnitReportReporter -->
<testsuite hostname="B4PRKP2" failures="0" tests="1" name="com.qa.api.gorest.tests.GetUserTest" time="5.558" errors="0" timestamp="2023-04-18T19:48:54 IST" skipped="0">
  <testcase classname="com.qa.api.gorest.tests.GetUserTest" name="getUserWith_QueryParams_APITest" time="5.558"/>
  <system-out/>
</testsuite> <!-- com.qa.api.gorest.tests.GetUserTest -->
